<?xml version="1.0" encoding="UTF-8"?>
<!-- Generated by org.testng.reporters.JUnitXMLReporter -->
<testsuite ignored="0" hostname="LAPTOP-BTAPKMFO" failures="0" tests="3" name="Surefire test" time="49.716" errors="0" timestamp="2024-02-29T14:27:47 IST">
  <testcase classname="JIRA.OrangeHRM.ImmigrationTest" name="@AfterMethod Immegration" time="0.006">
    <failure type="java.lang.NullPointerException" message="Cannot invoke &amp;quot;org.openqa.selenium.WebDriver.findElement(org.openqa.selenium.By)&amp;quot; because &amp;quot;driver&amp;quot; is null">
      <![CDATA[java.lang.NullPointerException: Cannot invoke "org.openqa.selenium.WebDriver.findElement(org.openqa.selenium.By)" because "driver" is null
at JIRA.OrangeHRM.ImmigrationTest.Immegration(ImmigrationTest.java:19)
at java.base/java.util.ArrayList.forEach(ArrayList.java:1596)
... Removed 35 stack frames]]>
    </failure>
  </testcase> <!-- @AfterMethod Immegration -->
  <testcase classname="JIRA.OrangeHRM.AppTest" name="shouldAnswerWithTrue" time="0.006"/>
  <testcase classname="JIRA.OrangeHRM.LoginTest" name="invokechrome" time="25.903"/>
  <testcase classname="JIRA.OrangeHRM.LoginTest" name="invokechrome" time="23.747"/>
</testsuite> <!-- Surefire test -->
