<?xml version="1.0" encoding="UTF-8"?>
<testng-results ignored="0" total="3" passed="3" failed="0" skipped="0">
  <reporter-output>
  </reporter-output>
  <suite started-at="2024-02-29T14:26:57 IST" name="Surefire suite" finished-at="2024-02-29T14:27:47 IST" duration-ms="49716">
    <groups>
    </groups>
    <test started-at="2024-02-29T14:26:57 IST" name="Surefire test" finished-at="2024-02-29T14:27:47 IST" duration-ms="49716">
      <class name="JIRA.OrangeHRM.AppTest">
        <test-method signature="shouldAnswerWithTrue()[pri:0, instance:JIRA.OrangeHRM.AppTest@2b4a2ec7]" started-at="2024-02-29T14:26:57 IST" name="shouldAnswerWithTrue" finished-at="2024-02-29T14:26:57 IST" duration-ms="6" status="PASS">
          <reporter-output>
          </reporter-output>
        </test-method> <!-- shouldAnswerWithTrue -->
      </class> <!-- JIRA.OrangeHRM.AppTest -->
      <class name="JIRA.OrangeHRM.LoginTest">
        <test-method signature="invokechrome()[pri:0, instance:JIRA.OrangeHRM.LoginTest@25b485ba]" started-at="2024-02-29T14:27:23 IST" name="invokechrome" finished-at="2024-02-29T14:27:47 IST" duration-ms="23747" status="PASS">
          <reporter-output>
          </reporter-output>
        </test-method> <!-- invokechrome -->
      </class> <!-- JIRA.OrangeHRM.LoginTest -->
      <class name="JIRA.OrangeHRM.ImmigrationTest">
        <test-method signature="invokechrome()[pri:0, instance:JIRA.OrangeHRM.ImmigrationTest@4d826d77]" started-at="2024-02-29T14:26:57 IST" name="invokechrome" finished-at="2024-02-29T14:27:23 IST" duration-ms="25903" status="PASS">
          <reporter-output>
          </reporter-output>
        </test-method> <!-- invokechrome -->
        <test-method is-config="true" signature="Immegration()[pri:0, instance:JIRA.OrangeHRM.ImmigrationTest@4d826d77]" started-at="2024-02-29T14:27:23 IST" name="Immegration" finished-at="2024-02-29T14:27:23 IST" duration-ms="6" status="FAIL">
          <exception class="java.lang.NullPointerException">
            <message>
              <![CDATA[Cannot invoke "org.openqa.selenium.WebDriver.findElement(org.openqa.selenium.By)" because "driver" is null]]>
            </message>
            <full-stacktrace>
              <![CDATA[java.lang.NullPointerException: Cannot invoke "org.openqa.selenium.WebDriver.findElement(org.openqa.selenium.By)" because "driver" is null
at JIRA.OrangeHRM.ImmigrationTest.Immegration(ImmigrationTest.java:19)
at java.base/jdk.internal.reflect.DirectMethodHandleAccessor.invoke(DirectMethodHandleAccessor.java:103)
at java.base/java.lang.reflect.Method.invoke(Method.java:580)
at org.testng.internal.invokers.MethodInvocationHelper.invokeMethod(MethodInvocationHelper.java:139)
at org.testng.internal.invokers.MethodInvocationHelper.invokeMethodConsideringTimeout(MethodInvocationHelper.java:69)
at org.testng.internal.invokers.ConfigInvoker.invokeConfigurationMethod(ConfigInvoker.java:361)
at org.testng.internal.invokers.ConfigInvoker.invokeConfigurations(ConfigInvoker.java:296)
at org.testng.internal.invokers.TestInvoker.runConfigMethods(TestInvoker.java:823)
at org.testng.internal.invokers.TestInvoker.runAfterConfigurations(TestInvoker.java:792)
at org.testng.internal.invokers.TestInvoker.invokeMethod(TestInvoker.java:768)
at org.testng.internal.invokers.TestInvoker.invokeTestMethod(TestInvoker.java:221)
at org.testng.internal.invokers.MethodRunner.runInSequence(MethodRunner.java:50)
at org.testng.internal.invokers.TestInvoker$MethodInvocationAgent.invoke(TestInvoker.java:969)
at org.testng.internal.invokers.TestInvoker.invokeTestMethods(TestInvoker.java:194)
at org.testng.internal.invokers.TestMethodWorker.invokeTestMethods(TestMethodWorker.java:148)
at org.testng.internal.invokers.TestMethodWorker.run(TestMethodWorker.java:128)
at java.base/java.util.ArrayList.forEach(ArrayList.java:1596)
at org.testng.TestRunner.privateRun(TestRunner.java:829)
at org.testng.TestRunner.run(TestRunner.java:602)
at org.testng.SuiteRunner.runTest(SuiteRunner.java:437)
at org.testng.SuiteRunner.runSequentially(SuiteRunner.java:431)
at org.testng.SuiteRunner.privateRun(SuiteRunner.java:391)
at org.testng.SuiteRunner.run(SuiteRunner.java:330)
at org.testng.SuiteRunnerWorker.runSuite(SuiteRunnerWorker.java:52)
at org.testng.SuiteRunnerWorker.run(SuiteRunnerWorker.java:95)
at org.testng.TestNG.runSuitesSequentially(TestNG.java:1256)
at org.testng.TestNG.runSuitesLocally(TestNG.java:1176)
at org.testng.TestNG.runSuites(TestNG.java:1099)
at org.testng.TestNG.run(TestNG.java:1067)
at org.apache.maven.surefire.testng.TestNGExecutor.run(TestNGExecutor.java:135)
at org.apache.maven.surefire.testng.TestNGDirectoryTestSuite.executeMulti(TestNGDirectoryTestSuite.java:193)
at org.apache.maven.surefire.testng.TestNGDirectoryTestSuite.execute(TestNGDirectoryTestSuite.java:94)
at org.apache.maven.surefire.testng.TestNGProvider.invoke(TestNGProvider.java:146)
at org.apache.maven.surefire.booter.ForkedBooter.invokeProviderInSameClassLoader(ForkedBooter.java:384)
at org.apache.maven.surefire.booter.ForkedBooter.runSuitesInProcess(ForkedBooter.java:345)
at org.apache.maven.surefire.booter.ForkedBooter.execute(ForkedBooter.java:126)
at org.apache.maven.surefire.booter.ForkedBooter.main(ForkedBooter.java:418)
]]>
            </full-stacktrace>
          </exception> <!-- java.lang.NullPointerException -->
          <reporter-output>
          </reporter-output>
        </test-method> <!-- Immegration -->
      </class> <!-- JIRA.OrangeHRM.ImmigrationTest -->
    </test> <!-- Surefire test -->
  </suite> <!-- Surefire suite -->
</testng-results>
